<?xml version="1.0" encoding="UTF-8"?>
<!-- Generated by org.testng.reporters.JUnitReportReporter -->
<testsuite hostname="LAPTOP-TU9KCJFH" failures="0" tests="1" name="com.comcast.crm.generic.contacttest.Oragasationtests" time="62.776" errors="0" timestamp="2024-04-25T10:59:41 IST" skipped="0">
  <testcase classname="com.comcast.crm.generic.contacttest.Oragasationtests" name="test2" time="62.776"/>
</testsuite> <!-- com.comcast.crm.generic.contacttest.Oragasationtests -->
