<?xml version="1.0" encoding="UTF-8"?>
<!-- Generated by org.testng.reporters.JUnitReportReporter -->
<testsuite hostname="LAPTOP-TU9KCJFH" failures="0" tests="1" name="com.comcast.crm.generic.orgtest.CONTACTCLASS1" time="47.970" errors="0" timestamp="2024-05-15T17:11:57 IST" skipped="0">
  <testcase classname="com.comcast.crm.generic.orgtest.CONTACTCLASS1" name="contacttest1" time="47.970"/>
</testsuite> <!-- com.comcast.crm.generic.orgtest.CONTACTCLASS1 -->
