<?xml version="1.0" encoding="UTF-8"?>
<!-- Generated by org.testng.reporters.JUnitReportReporter -->
<testsuite hostname="LAPTOP-TU9KCJFH" failures="0" tests="1" name="com.comcast.crm.generic.contacttest.Neworgtest1" time="72.948" errors="0" timestamp="2024-05-06T12:22:16 IST" skipped="0">
  <testcase classname="com.comcast.crm.generic.contacttest.Neworgtest1" name="test35" time="72.948"/>
</testsuite> <!-- com.comcast.crm.generic.contacttest.Neworgtest1 -->
