<?xml version="1.0" encoding="UTF-8"?>
<!-- Generated by org.testng.reporters.JUnitReportReporter -->
<testsuite hostname="LAPTOP-TU9KCJFH" failures="0" tests="1" name="com.comcast.crm.generic.orgtest.Phonenumbertest" time="87.822" errors="0" timestamp="2024-05-06T11:10:06 IST" skipped="0">
  <testcase classname="com.comcast.crm.generic.orgtest.Phonenumbertest" name="tset1" time="87.822"/>
</testsuite> <!-- com.comcast.crm.generic.orgtest.Phonenumbertest -->
