<?xml version="1.0" encoding="UTF-8"?>
<!-- Generated by org.testng.reporters.JUnitReportReporter -->
<testsuite hostname="LAPTOP-TU9KCJFH" failures="0" tests="1" name="com.comcast.crm.generic.contacttest.Sampletestscreenshot" time="9.210" errors="0" timestamp="2024-05-06T15:47:49 IST" skipped="0">
  <testcase classname="com.comcast.crm.generic.contacttest.Sampletestscreenshot" name="test2" time="9.210"/>
</testsuite> <!-- com.comcast.crm.generic.contacttest.Sampletestscreenshot -->
