<?xml version="1.0" encoding="UTF-8"?>
<!-- Generated by org.testng.reporters.JUnitReportReporter -->
<testsuite hostname="LAPTOP-TU9KCJFH" failures="0" tests="1" name="praticespakage.Samplereportest" time="131.569" errors="0" timestamp="2024-05-09T11:19:56 IST" skipped="0">
  <testcase classname="praticespakage.Samplereportest" name="creatreportphonenumbertest" time="131.569"/>
</testsuite> <!-- praticespakage.Samplereportest -->
